<?xml version="1.0" encoding="UTF-8"?>
<!-- Generated by org.testng.reporters.JUnitXMLReporter -->
<testsuite ignored="0" hostname="LAPTOP-C0FVPHFG" failures="1" tests="1" name="Hybrid_Framework" time="10.334" errors="0" timestamp="2023-07-12T18:46:29 IST">
  <testcase classname="com.hybrid.TestCases.TC_LoginPageTest_001" name="loginTest" time="2.917">
    <failure type="java.lang.AssertionError" message="expected [true] but found [false]">
      <![CDATA[java.lang.AssertionError: expected [true] but found [false]
at com.hybrid.TestCases.TC_LoginPageTest_001.loginTest(TC_LoginPageTest_001.java:37)
at java.base/java.util.ArrayList.forEach(ArrayList.java:1511)
... Removed 31 stack frames]]>
    </failure>
  </testcase> <!-- loginTest -->
</testsuite> <!-- Hybrid_Framework -->
