<?xml version="1.0" encoding="UTF-8"?>
<testng-results ignored="0" total="1" passed="1" failed="0" skipped="0">
  <reporter-output>
  </reporter-output>
  <suite started-at="2024-06-23T16:25:56 IST" name="Suite" finished-at="2024-06-23T16:26:17 IST" duration-ms="20809">
    <groups>
    </groups>
    <test started-at="2024-06-23T16:25:56 IST" name="Hybrid_Framework" finished-at="2024-06-23T16:26:17 IST" duration-ms="20809">
      <class name="com.hybrid.TestCases.TC_LoginPageTest_001">
        <test-method is-config="true" signature="BrowSetup(java.lang.String)[pri:0, instance:com.hybrid.TestCases.TC_LoginPageTest_001@6a03bcb1]" started-at="2024-06-23T16:25:56 IST" name="BrowSetup" finished-at="2024-06-23T16:26:13 IST" duration-ms="16594" status="PASS">
          <params>
            <param index="0">
              <value>
                <![CDATA[chrome]]>
              </value>
            </param>
          </params>
          <reporter-output>
          </reporter-output>
        </test-method> <!-- BrowSetup -->
        <test-method signature="loginTest()[pri:0, instance:com.hybrid.TestCases.TC_LoginPageTest_001@6a03bcb1]" started-at="2024-06-23T16:26:13 IST" name="loginTest" finished-at="2024-06-23T16:26:16 IST" duration-ms="3263" status="PASS">
          <reporter-output>
          </reporter-output>
        </test-method> <!-- loginTest -->
        <test-method is-config="true" signature="tearDown()[pri:0, instance:com.hybrid.TestCases.TC_LoginPageTest_001@6a03bcb1]" started-at="2024-06-23T16:26:16 IST" name="tearDown" finished-at="2024-06-23T16:26:17 IST" duration-ms="774" status="PASS">
          <reporter-output>
          </reporter-output>
        </test-method> <!-- tearDown -->
      </class> <!-- com.hybrid.TestCases.TC_LoginPageTest_001 -->
    </test> <!-- Hybrid_Framework -->
  </suite> <!-- Suite -->
</testng-results>
